

Started GET "/assets/rails.png" for 127.0.0.1 at 2013-05-14 17:25:55 -0400
Connecting to database specified by database.yml
Served asset /rails.png - 200 OK (3ms)


Started GET "/" for 127.0.0.1 at 2013-05-14 17:30:13 -0400
Processing by IndexController#index as HTML
  Rendered index/index.html within layouts/application (82.4ms)
Compiled index.css  (19ms)  (pid 1324)
Compiled application.css  (23ms)  (pid 1324)
Compiled jquery.js  (1ms)  (pid 1324)
Compiled jquery_ujs.js  (0ms)  (pid 1324)
Compiled index.js  (134ms)  (pid 1324)
Compiled application.js  (201ms)  (pid 1324)
Completed 200 OK in 386ms (Views: 385.9ms | ActiveRecord: 0.0ms)


Started GET "/assets/application.css?body=1" for 127.0.0.1 at 2013-05-14 17:30:14 -0400
Served asset /application.css - 200 OK (3ms)


Started GET "/assets/jquery.js?body=1" for 127.0.0.1 at 2013-05-14 17:30:14 -0400
Served asset /jquery.js - 200 OK (1ms)


Started GET "/assets/jquery_ujs.js?body=1" for 127.0.0.1 at 2013-05-14 17:30:14 -0400
Served asset /jquery_ujs.js - 200 OK (1ms)


Started GET "/assets/index.js?body=1" for 127.0.0.1 at 2013-05-14 17:30:14 -0400
Served asset /index.js - 200 OK (1ms)


Started GET "/assets/application.js?body=1" for 127.0.0.1 at 2013-05-14 17:30:14 -0400
Served asset /application.js - 200 OK (3ms)


Started GET "/assets/index.css?body=1" for 127.0.0.1 at 2013-05-14 17:30:14 -0400
Served asset /index.css - 200 OK (0ms)


Started GET "/contact" for 127.0.0.1 at 2013-05-14 17:30:16 -0400

ActionController::RoutingError (No route matches [GET] "/contact"):
  actionpack (3.2.12) lib/action_dispatch/middleware/debug_exceptions.rb:21:in `call'
  actionpack (3.2.12) lib/action_dispatch/middleware/show_exceptions.rb:56:in `call'
  railties (3.2.12) lib/rails/rack/logger.rb:32:in `call_app'
  railties (3.2.12) lib/rails/rack/logger.rb:16:in `block in call'
  activesupport (3.2.12) lib/active_support/tagged_logging.rb:22:in `tagged'
  railties (3.2.12) lib/rails/rack/logger.rb:16:in `call'
  actionpack (3.2.12) lib/action_dispatch/middleware/request_id.rb:22:in `call'
  rack (1.4.5) lib/rack/methodoverride.rb:21:in `call'
  rack (1.4.5) lib/rack/runtime.rb:17:in `call'
  activesupport (3.2.12) lib/active_support/cache/strategy/local_cache.rb:72:in `call'
  rack (1.4.5) lib/rack/lock.rb:15:in `call'
  actionpack (3.2.12) lib/action_dispatch/middleware/static.rb:62:in `call'
  railties (3.2.12) lib/rails/engine.rb:479:in `call'
  railties (3.2.12) lib/rails/application.rb:223:in `call'
  rack (1.4.5) lib/rack/content_length.rb:14:in `call'
  railties (3.2.12) lib/rails/rack/log_tailer.rb:17:in `call'
  rack (1.4.5) lib/rack/handler/webrick.rb:59:in `service'
  /usr/local/rvm/rubies/ruby-1.9.3-p392/lib/ruby/1.9.1/webrick/httpserver.rb:138:in `service'
  /usr/local/rvm/rubies/ruby-1.9.3-p392/lib/ruby/1.9.1/webrick/httpserver.rb:94:in `run'
  /usr/local/rvm/rubies/ruby-1.9.3-p392/lib/ruby/1.9.1/webrick/server.rb:191:in `block in start_thread'


  Rendered /usr/local/rvm/gems/ruby-1.9.3-p392/gems/actionpack-3.2.12/lib/action_dispatch/middleware/templates/rescues/routing_error.erb within rescues/layout (0.5ms)
